\BOOKMARK [0][-]{chapter.1}{Introduction}{}% 1
\BOOKMARK [1][-]{section.1.1}{What is deep learning and why is it interesting?}{chapter.1}% 2
\BOOKMARK [1][-]{section.1.2}{Why are binarized networks interesting?}{chapter.1}% 3
\BOOKMARK [1][-]{section.1.3}{Our contribution}{chapter.1}% 4
\BOOKMARK [0][-]{chapter.2}{Dictionary}{}% 5
\BOOKMARK [-1][-]{part.1}{I Architecture overview}{}% 6
\BOOKMARK [0][-]{chapter.3}{Binarization algorithms}{part.1}% 7
\BOOKMARK [1][-]{section.3.1}{Binarized weights}{chapter.3}% 8
\BOOKMARK [1][-]{section.3.2}{Binarized filters and activations}{chapter.3}% 9
\BOOKMARK [0][-]{chapter.4}{Advantages of binarized neural network}{part.1}% 10
\BOOKMARK [1][-]{section.4.1}{Binarized weights}{chapter.4}% 11
\BOOKMARK [1][-]{section.4.2}{Binarized inputs and weights \(XNOR-Net\)}{chapter.4}% 12
\BOOKMARK [0][-]{chapter.5}{Networks and datasets}{part.1}% 13
\BOOKMARK [1][-]{section.5.1}{LeNet on MNIST}{chapter.5}% 14
\BOOKMARK [2][-]{subsection.5.1.1}{MNIST}{section.5.1}% 15
\BOOKMARK [2][-]{subsection.5.1.2}{Network architecture}{section.5.1}% 16
\BOOKMARK [2][-]{subsection.5.1.3}{Parameters}{section.5.1}% 17
\BOOKMARK [1][-]{section.5.2}{AlexNet on ImageNet}{chapter.5}% 18
\BOOKMARK [1][-]{section.5.3}{Finetuned AlexNet on oxford-102}{chapter.5}% 19
\BOOKMARK [2][-]{subsection.5.3.1}{Oxford-flowers-102}{section.5.3}% 20
\BOOKMARK [2][-]{subsection.5.3.2}{Network architecture}{section.5.3}% 21
\BOOKMARK [2][-]{subsection.5.3.3}{Parameters}{section.5.3}% 22
\BOOKMARK [1][-]{section.5.4}{Residual network on CIFAR-10}{chapter.5}% 23
\BOOKMARK [2][-]{subsection.5.4.1}{CIFAR-10}{section.5.4}% 24
\BOOKMARK [2][-]{subsection.5.4.2}{Network architecture}{section.5.4}% 25
\BOOKMARK [2][-]{subsection.5.4.3}{Parameters}{section.5.4}% 26
\BOOKMARK [0][-]{chapter.6}{The development process}{part.1}% 27
\BOOKMARK [1][-]{section.6.1}{Used software tools}{chapter.6}% 28
\BOOKMARK [1][-]{section.6.2}{Used methodology}{chapter.6}% 29
\BOOKMARK [1][-]{section.6.3}{Used machine learning framework}{chapter.6}% 30
\BOOKMARK [0][-]{chapter.7}{Implementation details}{part.1}% 31
\BOOKMARK [1][-]{section.7.1}{Implementation in Python}{chapter.7}% 32
\BOOKMARK [1][-]{section.7.2}{Implementation in C++}{chapter.7}% 33
\BOOKMARK [0][-]{chapter.8}{Team members contribution}{part.1}% 34
\BOOKMARK [1][-]{section.8.1}{Krystyna's contribution}{chapter.8}% 35
\BOOKMARK [1][-]{section.8.2}{Jakub's contribution}{chapter.8}% 36
\BOOKMARK [1][-]{section.8.3}{Przemys\233aw's contribution}{chapter.8}% 37
\BOOKMARK [1][-]{section.8.4}{Adam's contribution}{chapter.8}% 38
\BOOKMARK [-1][-]{part.2}{II Experiment results}{}% 39
\BOOKMARK [0][-]{chapter.9}{Binarized vs standard network accuracy}{part.2}% 40
\BOOKMARK [1][-]{section.9.1}{LeNet on MNIST}{chapter.9}% 41
\BOOKMARK [2][-]{subsection.9.1.1}{Results and discussion}{section.9.1}% 42
\BOOKMARK [1][-]{section.9.2}{AlexNet on Flowers}{chapter.9}% 43
\BOOKMARK [2][-]{subsection.9.2.1}{Binarization results and discussion}{section.9.2}% 44
\BOOKMARK [2][-]{subsection.9.2.2}{Fine-tuning results and discussion}{section.9.2}% 45
\BOOKMARK [1][-]{section.9.3}{Residual network on CIFAR-10}{chapter.9}% 46
\BOOKMARK [2][-]{subsection.9.3.1}{Results and discussion}{section.9.3}% 47
\BOOKMARK [0][-]{chapter.10}{Increasing the number of binarized filters}{part.2}% 48
\BOOKMARK [1][-]{section.10.1}{LeNet on MNIST}{chapter.10}% 49
\BOOKMARK [2][-]{subsection.10.1.1}{Discussion}{section.10.1}% 50
\BOOKMARK [1][-]{section.10.2}{AlexNet on flowers-102}{chapter.10}% 51
\BOOKMARK [2][-]{subsection.10.2.1}{Discussion}{section.10.2}% 52
\BOOKMARK [1][-]{section.10.3}{AlexNet on flowers-17}{chapter.10}% 53
\BOOKMARK [2][-]{subsection.10.3.1}{Discussion}{section.10.3}% 54
\BOOKMARK [1][-]{section.10.4}{ResNet on CIFAR-10}{chapter.10}% 55
\BOOKMARK [2][-]{subsection.10.4.1}{Results}{section.10.4}% 56
\BOOKMARK [2][-]{subsection.10.4.2}{Discussion}{section.10.4}% 57
\BOOKMARK [0][-]{chapter.11}{Conclusions}{part.2}% 58
\BOOKMARK [1][-]{section.11.1}{Discussion of experiments results}{chapter.11}% 59
\BOOKMARK [1][-]{section.11.2}{Future work}{chapter.11}% 60
\BOOKMARK [0][-]{chapter*.11}{Bibliography}{part.2}% 61
